<?xml version="1.0" encoding="UTF-8"?>
<testsuites name="New Test Suite (6)" time="57.095" tests="3" failures="0" errors="0">
   <testsuite name="New Test Suite (6)" tests="3" failures="0" errors="0" time="57.095" skipped="0" timestamp="29-09-2024T00:28:47" hostname="srpat - RamMarshivane" id="Test Suites/New Test Suite (6)">
      <properties>
         <property name="deviceName" value=""/>
         <property name="devicePlatform"/>
         <property name="logFolder" value="C:\\Users\\srpat\\Katalon Studio\\My First Web UI Project\\Reports\\20240929_002841\\New Test Suite (6)\\20240929_002841"/>
         <property name="logFiles" value="C:\\Users\\srpat\\Katalon Studio\\My First Web UI Project\\Reports\\20240929_002841\\New Test Suite (6)\\20240929_002841\\execution0.log"/>
         <property name="attachments" value=""/>
         <property name="hostName" value="srpat - RamMarshivane"/>
         <property name="os" value="Windows 11 64bit"/>
         <property name="katalonVersion" value="9.7.2.223"/>
         <property name="browser" value="Chrome 129.0.0.0"/>
         <property name="hostAddress" value="192.168.1.3"/>
         <property name="sessionId" value="6e37b188ae15f66bf4e61453818e37bf"/>
         <property name="seleniumVersion" value="3.141.59"/>
         <property name="proxyInformation" value="ProxyInformation { proxyOption=NO_PROXY, proxyServerType=HTTP, username=, password=********, proxyServerAddress=, proxyServerPort=0, executionList=&quot;&quot;, isApplyToDesiredCapabilities=true }"/>
         <property name="platform" value="Windows 11"/>
      </properties>
      <testcase name="Test Cases/New Test Case (20)" time="6.122" classname="Test Cases/New Test Case (20)" status="PASSED">
         <system-out><![CDATA[29-09-2024T00:28:47 - [TEST_CASE][PASSED] - Test Cases/New Test Case (20): Test Cases/New Test Case (20)

29-09-2024T00:28:48 - [TEST_STEP][PASSED] - openBrowser(""): Browser is opened with url: ''

29-09-2024T00:28:48 - [MESSAGE][INFO] - Starting 'Chrome' driver

29-09-2024T00:28:48 - [MESSAGE][INFO] - Action delay is set to 0 milliseconds

29-09-2024T00:28:49 - [MESSAGE][PASSED] - Browser is opened with url: ''

29-09-2024T00:28:49 - [TEST_STEP][PASSED] - navigateToUrl("https://rahulshettyacademy.com/AutomationPractice/"): Navigate to 'https://rahulshettyacademy.com/AutomationPractice/' successfully

29-09-2024T00:28:51 - [MESSAGE][PASSED] - Navigate to 'https://rahulshettyacademy.com/AutomationPractice/' successfully

29-09-2024T00:28:51 - [TEST_STEP][PASSED] - click(findTestObject("Object Repository/Orange_HRM/Page_Practice Page/a_Courses")): Object: 'Object Repository/Orange_HRM/Page_Practice Page/a_Courses' is clicked on

29-09-2024T00:28:51 - [MESSAGE][PASSED] - Object: 'Object Repository/Orange_HRM/Page_Practice Page/a_Courses' is clicked on

29-09-2024T00:28:51 - [TEST_STEP][PASSED] - click(findTestObject("Object Repository/Orange_HRM/Page_Practice Page/a_Home")): Object: 'Object Repository/Orange_HRM/Page_Practice Page/a_Home' is clicked on

29-09-2024T00:28:52 - [MESSAGE][PASSED] - Object: 'Object Repository/Orange_HRM/Page_Practice Page/a_Home' is clicked on

29-09-2024T00:28:52 - [TEST_STEP][PASSED] - click(findTestObject("Object Repository/Orange_HRM/Page_Practice Page/a_Mentorship")): Object: 'Object Repository/Orange_HRM/Page_Practice Page/a_Mentorship' is clicked on

29-09-2024T00:28:53 - [MESSAGE][PASSED] - Object: 'Object Repository/Orange_HRM/Page_Practice Page/a_Mentorship' is clicked on

29-09-2024T00:28:53 - [TEST_STEP][PASSED] - closeBrowser(): Browser is closed

29-09-2024T00:28:53 - [MESSAGE][PASSED] - Browser is closed]]></system-out>
         <system-err><![CDATA[]]></system-err>
      </testcase>
      <testcase name="Test Cases/New Test Case (21)" time="3.275" classname="Test Cases/New Test Case (21)" status="PASSED">
         <system-out><![CDATA[29-09-2024T00:28:53 - [TEST_CASE][PASSED] - Test Cases/New Test Case (21): Test Cases/New Test Case (21)

29-09-2024T00:28:54 - [TEST_STEP][PASSED] - openBrowser(""): Browser is opened with url: ''

29-09-2024T00:28:54 - [MESSAGE][INFO] - Starting 'Chrome' driver

29-09-2024T00:28:54 - [MESSAGE][INFO] - Action delay is set to 0 milliseconds

29-09-2024T00:28:54 - [MESSAGE][PASSED] - Browser is opened with url: ''

29-09-2024T00:28:54 - [TEST_STEP][PASSED] - navigateToUrl("https://rahulshettyacademy.com/AutomationPractice/"): Navigate to 'https://rahulshettyacademy.com/AutomationPractice/' successfully

29-09-2024T00:28:56 - [MESSAGE][PASSED] - Navigate to 'https://rahulshettyacademy.com/AutomationPractice/' successfully

29-09-2024T00:28:56 - [TEST_STEP][PASSED] - click(findTestObject("Object Repository/Orange_HRM/Page_Practice Page/li_The academy is led by Rahul Shetty, a Te_dd1d60")): Object: 'Object Repository/Orange_HRM/Page_Practice Page/li_The academy is led by Rahul Shetty, a Te_dd1d60' is clicked on

29-09-2024T00:28:56 - [MESSAGE][PASSED] - Object: 'Object Repository/Orange_HRM/Page_Practice Page/li_The academy is led by Rahul Shetty, a Te_dd1d60' is clicked on

29-09-2024T00:28:56 - [TEST_STEP][PASSED] - click(findTestObject("Object Repository/Orange_HRM/Page_Practice Page/a_JOIN NOW")): Object: 'Object Repository/Orange_HRM/Page_Practice Page/a_JOIN NOW' is clicked on

29-09-2024T00:28:57 - [MESSAGE][PASSED] - Object: 'Object Repository/Orange_HRM/Page_Practice Page/a_JOIN NOW' is clicked on]]></system-out>
         <system-err><![CDATA[]]></system-err>
      </testcase>
      <testcase name="Test Cases/New Test Case (24)" time="47.542" classname="Test Cases/New Test Case (24)" status="PASSED">
         <system-out><![CDATA[29-09-2024T00:28:57 - [TEST_CASE][PASSED] - Test Cases/New Test Case (24): Test Cases/New Test Case (24)

29-09-2024T00:28:57 - [TEST_STEP][PASSED] - openBrowser(""): Browser is opened with url: ''

29-09-2024T00:28:57 - [MESSAGE][WARNING] - A browser is already opened. Closing browser and opening a new one

29-09-2024T00:28:57 - [MESSAGE][INFO] - Starting 'Chrome' driver

29-09-2024T00:28:57 - [MESSAGE][INFO] - Action delay is set to 0 milliseconds

29-09-2024T00:28:58 - [MESSAGE][PASSED] - Browser is opened with url: ''

29-09-2024T00:28:58 - [TEST_STEP][PASSED] - navigateToUrl("https://www.saucedemo.com/v1/"): Navigate to 'https://www.saucedemo.com/v1/' successfully

29-09-2024T00:28:59 - [MESSAGE][PASSED] - Navigate to 'https://www.saucedemo.com/v1/' successfully

29-09-2024T00:28:59 - [TEST_STEP][PASSED] - setText(findTestObject("Object Repository/SauceLab/Page_Swag Labs/input_standard_userlocked_out_userproblem_u_db77ac"), "problem_user"): Text 'problem_user' is set on object 'Object Repository/SauceLab/Page_Swag Labs/input_standard_userlocked_out_userproblem_u_db77ac'

29-09-2024T00:29:00 - [MESSAGE][PASSED] - Text 'problem_user' is set on object 'Object Repository/SauceLab/Page_Swag Labs/input_standard_userlocked_out_userproblem_u_db77ac'

29-09-2024T00:29:00 - [TEST_STEP][PASSED] - setEncryptedText(findTestObject("Object Repository/SauceLab/Page_Swag Labs/input_standard_userlocked_out_userproblem_u_3423e9"), "qcu24s4901FyWDTwXGr6XA=="): Text ****** has been set on object 'Object Repository/SauceLab/Page_Swag Labs/input_standard_userlocked_out_userproblem_u_3423e9'

29-09-2024T00:29:00 - [MESSAGE][PASSED] - Text ****** has been set on object 'Object Repository/SauceLab/Page_Swag Labs/input_standard_userlocked_out_userproblem_u_3423e9'

29-09-2024T00:29:00 - [TEST_STEP][PASSED] - sendKeys(findTestObject("Object Repository/SauceLab/Page_Swag Labs/input_standard_userlocked_out_userproblem_u_3423e9"), Keys.chord(ENTER)): Keys 'ENTER + ' sent to object: 'Object Repository/SauceLab/Page_Swag Labs/input_standard_userlocked_out_userproblem_u_3423e9'

29-09-2024T00:29:01 - [MESSAGE][PASSED] - Keys 'ENTER + ' sent to object: 'Object Repository/SauceLab/Page_Swag Labs/input_standard_userlocked_out_userproblem_u_3423e9'

29-09-2024T00:29:01 - [TEST_STEP][PASSED] - selectOptionByValue(findTestObject("Object Repository/SauceLab/Page_Swag Labs/select_Name (A to Z)Name (Z to A)Price (low_f7e90a"), "hilo", true): All options with value 'hilo' are selected in object 'Object Repository/SauceLab/Page_Swag Labs/select_Name (A to Z)Name (Z to A)Price (low_f7e90a'  using regular expression

29-09-2024T00:29:02 - [MESSAGE][PASSED] - All options with value 'hilo' are selected in object 'Object Repository/SauceLab/Page_Swag Labs/select_Name (A to Z)Name (Z to A)Price (low_f7e90a'  using regular expression

29-09-2024T00:29:02 - [TEST_STEP][PASSED] - click(findTestObject("Object Repository/SauceLab/Page_Swag Labs/button_ADD TO CART")): Object: 'Object Repository/SauceLab/Page_Swag Labs/button_ADD TO CART' is clicked on

29-09-2024T00:29:02 - [MESSAGE][PASSED] - Object: 'Object Repository/SauceLab/Page_Swag Labs/button_ADD TO CART' is clicked on

29-09-2024T00:29:02 - [TEST_STEP][PASSED] - click(findTestObject("Object Repository/SauceLab/Page_Swag Labs/button_ADD TO CART_1")): Object: 'Object Repository/SauceLab/Page_Swag Labs/button_ADD TO CART_1' is clicked on

29-09-2024T00:29:03 - [MESSAGE][PASSED] - Object: 'Object Repository/SauceLab/Page_Swag Labs/button_ADD TO CART_1' is clicked on

29-09-2024T00:29:03 - [TEST_STEP][PASSED] - click(findTestObject("Object Repository/SauceLab/Page_Swag Labs/button_ADD TO CART_1_2")): Object: 'Object Repository/SauceLab/Page_Swag Labs/button_ADD TO CART_1_2' is clicked on

29-09-2024T00:29:03 - [MESSAGE][PASSED] - Object: 'Object Repository/SauceLab/Page_Swag Labs/button_ADD TO CART_1_2' is clicked on

29-09-2024T00:29:03 - [TEST_STEP][PASSED] - click(findTestObject("Object Repository/SauceLab/Page_Swag Labs/button_Open Menu")): Object: 'Object Repository/SauceLab/Page_Swag Labs/button_Open Menu' is clicked on

29-09-2024T00:29:03 - [MESSAGE][PASSED] - Object: 'Object Repository/SauceLab/Page_Swag Labs/button_Open Menu' is clicked on

29-09-2024T00:29:03 - [TEST_STEP][PASSED] - click(findTestObject("Object Repository/SauceLab/Page_Swag Labs/a_All Items")): Object: 'Object Repository/SauceLab/Page_Swag Labs/a_All Items' is clicked on

29-09-2024T00:29:04 - [MESSAGE][PASSED] - Object: 'Object Repository/SauceLab/Page_Swag Labs/a_All Items' is clicked on

29-09-2024T00:29:04 - [TEST_STEP][PASSED] - click(findTestObject("Object Repository/SauceLab/Page_Swag Labs/div_Open Menu_header_label")): Object: 'Object Repository/SauceLab/Page_Swag Labs/div_Open Menu_header_label' is clicked on

29-09-2024T00:29:04 - [MESSAGE][PASSED] - Object: 'Object Repository/SauceLab/Page_Swag Labs/div_Open Menu_header_label' is clicked on

29-09-2024T00:29:04 - [TEST_STEP][PASSED] - click(findTestObject("Object Repository/SauceLab/Page_Swag Labs/path")): Object: 'Object Repository/SauceLab/Page_Swag Labs/path' is clicked on

29-09-2024T00:29:35 - [MESSAGE][INFO] - Unable to find the element located by 'By.xpath: '. Please recheck the objects properties to make sure the desired element is located. 

29-09-2024T00:29:35 - [MESSAGE][WARNING] - [SELF-HEALING] Failed to find element with id 'Object Repository/SauceLab/Page_Swag Labs/path'. Try using Self-healing.

29-09-2024T00:29:38 - [MESSAGE][INFO] - [SELF-HEALING] No working XPath is found.

29-09-2024T00:29:38 - [MESSAGE][INFO] - [SELF-HEALING] Screenshot: C:/Users/srpat/Katalon Studio/My First Web UI Project/Reports/Self-healing/Object Repository/SauceLab/Page_Swag Labs/path_SMART_LOCATOR.png

29-09-2024T00:29:38 - [MESSAGE][WARNING] - [SELF-HEALING] The current locator of test object 'Object Repository/SauceLab/Page_Swag Labs/path' was broken. Propose an alternative one: 'internal:role=link[name="3"i]'.

29-09-2024T00:29:38 - [MESSAGE][PASSED] - Object: 'Object Repository/SauceLab/Page_Swag Labs/path' is clicked on

29-09-2024T00:29:38 - [TEST_STEP][PASSED] - click(findTestObject("Object Repository/SauceLab/Page_Swag Labs/a_CHECKOUT")): Object: 'Object Repository/SauceLab/Page_Swag Labs/a_CHECKOUT' is clicked on

29-09-2024T00:29:39 - [MESSAGE][PASSED] - Object: 'Object Repository/SauceLab/Page_Swag Labs/a_CHECKOUT' is clicked on

29-09-2024T00:29:39 - [TEST_STEP][PASSED] - click(findTestObject("Object Repository/SauceLab/Page_Swag Labs/input_CANCEL_btn_primary cart_button")): Object: 'Object Repository/SauceLab/Page_Swag Labs/input_CANCEL_btn_primary cart_button' is clicked on

29-09-2024T00:29:40 - [MESSAGE][PASSED] - Object: 'Object Repository/SauceLab/Page_Swag Labs/input_CANCEL_btn_primary cart_button' is clicked on

29-09-2024T00:29:40 - [TEST_STEP][PASSED] - setText(findTestObject("Object Repository/SauceLab/Page_Swag Labs/input_ErrorFirst Name is required_first-name"), "ram"): Text 'ram' is set on object 'Object Repository/SauceLab/Page_Swag Labs/input_ErrorFirst Name is required_first-name'

29-09-2024T00:29:40 - [MESSAGE][PASSED] - Text 'ram' is set on object 'Object Repository/SauceLab/Page_Swag Labs/input_ErrorFirst Name is required_first-name'

29-09-2024T00:29:40 - [TEST_STEP][PASSED] - setText(findTestObject("Object Repository/SauceLab/Page_Swag Labs/input_ErrorFirst Name is required_last-name"), "ram"): Text 'ram' is set on object 'Object Repository/SauceLab/Page_Swag Labs/input_ErrorFirst Name is required_last-name'

29-09-2024T00:29:41 - [MESSAGE][PASSED] - Text 'ram' is set on object 'Object Repository/SauceLab/Page_Swag Labs/input_ErrorFirst Name is required_last-name'

29-09-2024T00:29:41 - [TEST_STEP][PASSED] - setText(findTestObject("Object Repository/SauceLab/Page_Swag Labs/input_ErrorFirst Name is required_postal-code"), "411059"): Text '411059' is set on object 'Object Repository/SauceLab/Page_Swag Labs/input_ErrorFirst Name is required_postal-code'

29-09-2024T00:29:42 - [MESSAGE][PASSED] - Text '411059' is set on object 'Object Repository/SauceLab/Page_Swag Labs/input_ErrorFirst Name is required_postal-code'

29-09-2024T00:29:42 - [TEST_STEP][PASSED] - click(findTestObject("Object Repository/SauceLab/Page_Swag Labs/input_CANCEL_btn_primary cart_button")): Object: 'Object Repository/SauceLab/Page_Swag Labs/input_CANCEL_btn_primary cart_button' is clicked on

29-09-2024T00:29:42 - [MESSAGE][PASSED] - Object: 'Object Repository/SauceLab/Page_Swag Labs/input_CANCEL_btn_primary cart_button' is clicked on

29-09-2024T00:29:42 - [TEST_STEP][PASSED] - click(findTestObject("Object Repository/SauceLab/Page_Swag Labs/a_FINISH")): Object: 'Object Repository/SauceLab/Page_Swag Labs/a_FINISH' is clicked on

29-09-2024T00:29:43 - [MESSAGE][PASSED] - Object: 'Object Repository/SauceLab/Page_Swag Labs/a_FINISH' is clicked on

29-09-2024T00:29:43 - [TEST_STEP][PASSED] - click(findTestObject("Object Repository/SauceLab/Page_Swag Labs/div_Open Menu_header_label")): Object: 'Object Repository/SauceLab/Page_Swag Labs/div_Open Menu_header_label' is clicked on

29-09-2024T00:29:43 - [MESSAGE][PASSED] - Object: 'Object Repository/SauceLab/Page_Swag Labs/div_Open Menu_header_label' is clicked on

29-09-2024T00:29:43 - [TEST_STEP][PASSED] - click(findTestObject("Object Repository/SauceLab/Page_Swag Labs/button_Open Menu")): Object: 'Object Repository/SauceLab/Page_Swag Labs/button_Open Menu' is clicked on

29-09-2024T00:29:44 - [MESSAGE][PASSED] - Object: 'Object Repository/SauceLab/Page_Swag Labs/button_Open Menu' is clicked on

29-09-2024T00:29:44 - [TEST_STEP][PASSED] - click(findTestObject("Object Repository/SauceLab/Page_Swag Labs/a_Logout")): Object: 'Object Repository/SauceLab/Page_Swag Labs/a_Logout' is clicked on

29-09-2024T00:29:44 - [MESSAGE][PASSED] - Object: 'Object Repository/SauceLab/Page_Swag Labs/a_Logout' is clicked on

29-09-2024T00:29:44 - [TEST_STEP][PASSED] - closeBrowser(): Browser is closed

29-09-2024T00:29:44 - [MESSAGE][PASSED] - Browser is closed]]></system-out>
         <system-err><![CDATA[]]></system-err>
      </testcase>
      <system-out><![CDATA[29-09-2024T00:28:47 - [TEST_SUITE][PASSED] - New Test Suite (6): Test Cases/New Test Case (24)]]></system-out>
      <system-err><![CDATA[]]></system-err>
   </testsuite>
</testsuites>
