<?xml version="1.0" encoding="UTF-8"?>
<testsuites name="New Test Suite (10)" time="14.352" tests="3" failures="0" errors="0">
   <testsuite name="New Test Suite (10)" tests="3" failures="0" errors="0" time="14.352" skipped="0" timestamp="29-09-2024T00:39:18" hostname="srpat - RamMarshivane" id="Test Suites/New Test Suite (10)">
      <properties>
         <property name="deviceName" value=""/>
         <property name="devicePlatform"/>
         <property name="logFolder" value="C:\\Users\\srpat\\Katalon Studio\\My First Web UI Project\\Reports\\20240929_003911\\New Test Suite (10)\\20240929_003912"/>
         <property name="logFiles" value="C:\\Users\\srpat\\Katalon Studio\\My First Web UI Project\\Reports\\20240929_003911\\New Test Suite (10)\\20240929_003912\\execution0.log"/>
         <property name="attachments" value=""/>
         <property name="hostName" value="srpat - RamMarshivane"/>
         <property name="os" value="Windows 11 64bit"/>
         <property name="katalonVersion" value="9.7.2.223"/>
         <property name="browser" value="Chrome 129.0.0.0"/>
         <property name="hostAddress" value="192.168.1.3"/>
         <property name="sessionId" value="c7c9563b8853a6585cb2cd7054a36079"/>
         <property name="seleniumVersion" value="3.141.59"/>
         <property name="proxyInformation" value="ProxyInformation { proxyOption=NO_PROXY, proxyServerType=HTTP, username=, password=********, proxyServerAddress=, proxyServerPort=0, executionList=&quot;&quot;, isApplyToDesiredCapabilities=true }"/>
         <property name="platform" value="Windows 11"/>
      </properties>
      <testcase name="Test Cases/New Test Case (17)" time="5.144" classname="Test Cases/New Test Case (17)" status="PASSED">
         <system-out><![CDATA[29-09-2024T00:39:19 - [TEST_CASE][PASSED] - Test Cases/New Test Case (17): Test Cases/New Test Case (17)

29-09-2024T00:39:19 - [TEST_STEP][PASSED] - openBrowser(""): Browser is opened with url: ''

29-09-2024T00:39:19 - [MESSAGE][INFO] - Starting 'Chrome' driver

29-09-2024T00:39:19 - [MESSAGE][INFO] - Action delay is set to 0 milliseconds

29-09-2024T00:39:20 - [MESSAGE][PASSED] - Browser is opened with url: ''

29-09-2024T00:39:20 - [TEST_STEP][PASSED] - navigateToUrl("https://rahulshettyacademy.com/AutomationPractice/"): Navigate to 'https://rahulshettyacademy.com/AutomationPractice/' successfully

29-09-2024T00:39:22 - [MESSAGE][PASSED] - Navigate to 'https://rahulshettyacademy.com/AutomationPractice/' successfully

29-09-2024T00:39:22 - [TEST_STEP][PASSED] - setText(findTestObject("Object Repository/Orange_HRM/Page_Practice Page/input_Switch To Alert Example_enter-name"), "raam"): Text 'raam' is set on object 'Object Repository/Orange_HRM/Page_Practice Page/input_Switch To Alert Example_enter-name'

29-09-2024T00:39:23 - [MESSAGE][PASSED] - Text 'raam' is set on object 'Object Repository/Orange_HRM/Page_Practice Page/input_Switch To Alert Example_enter-name'

29-09-2024T00:39:23 - [TEST_STEP][PASSED] - click(findTestObject("Object Repository/Orange_HRM/Page_Practice Page/input_Switch To Alert Example_alertbtn")): Object: 'Object Repository/Orange_HRM/Page_Practice Page/input_Switch To Alert Example_alertbtn' is clicked on

29-09-2024T00:39:23 - [MESSAGE][PASSED] - Object: 'Object Repository/Orange_HRM/Page_Practice Page/input_Switch To Alert Example_alertbtn' is clicked on

29-09-2024T00:39:23 - [TEST_STEP][PASSED] - click(findTestObject("Object Repository/Orange_HRM/Page_Practice Page/input_Switch To Alert Example_confirmbtn")): Object: 'Object Repository/Orange_HRM/Page_Practice Page/input_Switch To Alert Example_confirmbtn' is clicked on

29-09-2024T00:39:23 - [MESSAGE][PASSED] - Object: 'Object Repository/Orange_HRM/Page_Practice Page/input_Switch To Alert Example_confirmbtn' is clicked on

29-09-2024T00:39:23 - [TEST_STEP][PASSED] - click(findTestObject("Object Repository/Orange_HRM/Page_Practice Page/a_Free Access to InterviewQuesResumeAssista_ebce08")): Object: 'Object Repository/Orange_HRM/Page_Practice Page/a_Free Access to InterviewQuesResumeAssista_ebce08' is clicked on

29-09-2024T00:39:23 - [MESSAGE][PASSED] - Object: 'Object Repository/Orange_HRM/Page_Practice Page/a_Free Access to InterviewQuesResumeAssista_ebce08' is clicked on

29-09-2024T00:39:23 - [TEST_STEP][PASSED] - closeBrowser(): Browser is closed

29-09-2024T00:39:24 - [MESSAGE][PASSED] - Browser is closed]]></system-out>
         <system-err><![CDATA[]]></system-err>
      </testcase>
      <testcase name="Test Cases/New Test Case (18)" time="4.038" classname="Test Cases/New Test Case (18)" status="PASSED">
         <system-out><![CDATA[29-09-2024T00:39:24 - [TEST_CASE][PASSED] - Test Cases/New Test Case (18): Test Cases/New Test Case (18)

29-09-2024T00:39:24 - [TEST_STEP][PASSED] - openBrowser(""): Browser is opened with url: ''

29-09-2024T00:39:24 - [MESSAGE][INFO] - Starting 'Chrome' driver

29-09-2024T00:39:24 - [MESSAGE][INFO] - Action delay is set to 0 milliseconds

29-09-2024T00:39:24 - [MESSAGE][PASSED] - Browser is opened with url: ''

29-09-2024T00:39:24 - [TEST_STEP][PASSED] - navigateToUrl("https://rahulshettyacademy.com/AutomationPractice/"): Navigate to 'https://rahulshettyacademy.com/AutomationPractice/' successfully

29-09-2024T00:39:26 - [MESSAGE][PASSED] - Navigate to 'https://rahulshettyacademy.com/AutomationPractice/' successfully

29-09-2024T00:39:26 - [TEST_STEP][PASSED] - setText(findTestObject("Object Repository/Orange_HRM/Page_Practice Page/input_Element Displayed Example_show-hide"), "text"): Text 'text' is set on object 'Object Repository/Orange_HRM/Page_Practice Page/input_Element Displayed Example_show-hide'

29-09-2024T00:39:27 - [MESSAGE][PASSED] - Text 'text' is set on object 'Object Repository/Orange_HRM/Page_Practice Page/input_Element Displayed Example_show-hide'

29-09-2024T00:39:27 - [TEST_STEP][PASSED] - click(findTestObject("Object Repository/Orange_HRM/Page_Practice Page/input_Element Displayed Example_show-textbox")): Object: 'Object Repository/Orange_HRM/Page_Practice Page/input_Element Displayed Example_show-textbox' is clicked on

29-09-2024T00:39:27 - [MESSAGE][PASSED] - Object: 'Object Repository/Orange_HRM/Page_Practice Page/input_Element Displayed Example_show-textbox' is clicked on

29-09-2024T00:39:27 - [TEST_STEP][PASSED] - click(findTestObject("Object Repository/Orange_HRM/Page_Practice Page/input_Element Displayed Example_hide-textbox")): Object: 'Object Repository/Orange_HRM/Page_Practice Page/input_Element Displayed Example_hide-textbox' is clicked on

29-09-2024T00:39:27 - [MESSAGE][PASSED] - Object: 'Object Repository/Orange_HRM/Page_Practice Page/input_Element Displayed Example_hide-textbox' is clicked on

29-09-2024T00:39:27 - [TEST_STEP][PASSED] - click(findTestObject("Object Repository/Orange_HRM/Page_Practice Page/input_Element Displayed Example_show-textbox")): Object: 'Object Repository/Orange_HRM/Page_Practice Page/input_Element Displayed Example_show-textbox' is clicked on

29-09-2024T00:39:28 - [MESSAGE][PASSED] - Object: 'Object Repository/Orange_HRM/Page_Practice Page/input_Element Displayed Example_show-textbox' is clicked on

29-09-2024T00:39:28 - [TEST_STEP][PASSED] - closeBrowser(): Browser is closed

29-09-2024T00:39:28 - [MESSAGE][PASSED] - Browser is closed]]></system-out>
         <system-err><![CDATA[]]></system-err>
      </testcase>
      <testcase name="Test Cases/New Test Case (28)" time="5.011" classname="Test Cases/New Test Case (28)" status="PASSED">
         <system-out><![CDATA[29-09-2024T00:39:28 - [TEST_CASE][PASSED] - Test Cases/New Test Case (28): Test Cases/New Test Case (28)

29-09-2024T00:39:28 - [TEST_STEP][PASSED] - openBrowser(""): Browser is opened with url: ''

29-09-2024T00:39:28 - [MESSAGE][INFO] - Starting 'Chrome' driver

29-09-2024T00:39:28 - [MESSAGE][INFO] - Action delay is set to 0 milliseconds

29-09-2024T00:39:28 - [MESSAGE][PASSED] - Browser is opened with url: ''

29-09-2024T00:39:28 - [TEST_STEP][PASSED] - navigateToUrl("https://the-internet.herokuapp.com/"): Navigate to 'https://the-internet.herokuapp.com/' successfully

29-09-2024T00:39:31 - [MESSAGE][PASSED] - Navigate to 'https://the-internet.herokuapp.com/' successfully

29-09-2024T00:39:31 - [TEST_STEP][PASSED] - click(findTestObject("Object Repository/the-internet.herokuapp.com/Page_The Internet/a_Checkboxes")): Object: 'Object Repository/the-internet.herokuapp.com/Page_The Internet/a_Checkboxes' is clicked on

29-09-2024T00:39:32 - [MESSAGE][PASSED] - Object: 'Object Repository/the-internet.herokuapp.com/Page_The Internet/a_Checkboxes' is clicked on

29-09-2024T00:39:32 - [TEST_STEP][PASSED] - click(findTestObject("Object Repository/the-internet.herokuapp.com/Page_The Internet/input_checkbox")): Object: 'Object Repository/the-internet.herokuapp.com/Page_The Internet/input_checkbox' is clicked on

29-09-2024T00:39:32 - [MESSAGE][PASSED] - Object: 'Object Repository/the-internet.herokuapp.com/Page_The Internet/input_checkbox' is clicked on

29-09-2024T00:39:32 - [TEST_STEP][PASSED] - click(findTestObject("Object Repository/the-internet.herokuapp.com/Page_The Internet/input_checkbox_1")): Object: 'Object Repository/the-internet.herokuapp.com/Page_The Internet/input_checkbox_1' is clicked on

29-09-2024T00:39:33 - [MESSAGE][PASSED] - Object: 'Object Repository/the-internet.herokuapp.com/Page_The Internet/input_checkbox_1' is clicked on

29-09-2024T00:39:33 - [TEST_STEP][PASSED] - closeBrowser(): Browser is closed

29-09-2024T00:39:33 - [MESSAGE][PASSED] - Browser is closed]]></system-out>
         <system-err><![CDATA[]]></system-err>
      </testcase>
      <system-out><![CDATA[29-09-2024T00:39:18 - [TEST_SUITE][PASSED] - New Test Suite (10): Test Cases/New Test Case (28)]]></system-out>
      <system-err><![CDATA[]]></system-err>
   </testsuite>
</testsuites>
