<?xml version="1.0" encoding="UTF-8"?>
<testsuites name="New Test Suite (9)" time="68.449" tests="4" failures="0" errors="0">
   <testsuite name="New Test Suite (9)" tests="4" failures="0" errors="0" time="68.449" skipped="0" timestamp="29-09-2024T00:34:44" hostname="srpat - RamMarshivane" id="Test Suites/New Test Suite (9)">
      <properties>
         <property name="deviceName" value=""/>
         <property name="devicePlatform"/>
         <property name="logFolder" value="C:\\Users\\srpat\\Katalon Studio\\My First Web UI Project\\Reports\\20240929_003437\\New Test Suite (9)\\20240929_003438"/>
         <property name="logFiles" value="C:\\Users\\srpat\\Katalon Studio\\My First Web UI Project\\Reports\\20240929_003437\\New Test Suite (9)\\20240929_003438\\execution0.log"/>
         <property name="attachments" value=""/>
         <property name="hostName" value="srpat - RamMarshivane"/>
         <property name="os" value="Windows 11 64bit"/>
         <property name="katalonVersion" value="9.7.2.223"/>
         <property name="browser" value="Chrome 129.0.0.0"/>
         <property name="hostAddress" value="192.168.1.3"/>
         <property name="sessionId" value="86ef147baa075895020923b14f23ea24"/>
         <property name="seleniumVersion" value="3.141.59"/>
         <property name="proxyInformation" value="ProxyInformation { proxyOption=NO_PROXY, proxyServerType=HTTP, username=, password=********, proxyServerAddress=, proxyServerPort=0, executionList=&quot;&quot;, isApplyToDesiredCapabilities=true }"/>
         <property name="platform" value="Windows 11"/>
      </properties>
      <testcase name="Test Cases/New Test Case (43)" time="7.409" classname="Test Cases/New Test Case (43)" status="PASSED">
         <system-out><![CDATA[29-09-2024T00:34:44 - [TEST_CASE][PASSED] - Test Cases/New Test Case (43): Test Cases/New Test Case (43)

29-09-2024T00:34:45 - [TEST_STEP][PASSED] - openBrowser(""): Browser is opened with url: ''

29-09-2024T00:34:45 - [MESSAGE][INFO] - Starting 'Chrome' driver

29-09-2024T00:34:45 - [MESSAGE][INFO] - Action delay is set to 0 milliseconds

29-09-2024T00:34:46 - [MESSAGE][PASSED] - Browser is opened with url: ''

29-09-2024T00:34:46 - [TEST_STEP][PASSED] - navigateToUrl("https://the-internet.herokuapp.com/"): Navigate to 'https://the-internet.herokuapp.com/' successfully

29-09-2024T00:34:49 - [MESSAGE][PASSED] - Navigate to 'https://the-internet.herokuapp.com/' successfully

29-09-2024T00:34:49 - [TEST_STEP][PASSED] - click(findTestObject("Object Repository/the-internet.herokuapp.com/Page_The Internet/a_Notification Messages")): Object: 'Object Repository/the-internet.herokuapp.com/Page_The Internet/a_Notification Messages' is clicked on

29-09-2024T00:34:50 - [MESSAGE][PASSED] - Object: 'Object Repository/the-internet.herokuapp.com/Page_The Internet/a_Notification Messages' is clicked on

29-09-2024T00:34:50 - [TEST_STEP][PASSED] - click(findTestObject("Object Repository/the-internet.herokuapp.com/Page_The Internet/a_click here")): Object: 'Object Repository/the-internet.herokuapp.com/Page_The Internet/a_click here' is clicked on

29-09-2024T00:34:51 - [MESSAGE][PASSED] - Object: 'Object Repository/the-internet.herokuapp.com/Page_The Internet/a_click here' is clicked on

29-09-2024T00:34:51 - [TEST_STEP][PASSED] - click(findTestObject("Object Repository/the-internet.herokuapp.com/Page_The Internet/a_click here")): Object: 'Object Repository/the-internet.herokuapp.com/Page_The Internet/a_click here' is clicked on

29-09-2024T00:34:52 - [MESSAGE][PASSED] - Object: 'Object Repository/the-internet.herokuapp.com/Page_The Internet/a_click here' is clicked on

29-09-2024T00:34:52 - [TEST_STEP][PASSED] - closeBrowser(): Browser is closed

29-09-2024T00:34:52 - [MESSAGE][PASSED] - Browser is closed]]></system-out>
         <system-err><![CDATA[]]></system-err>
      </testcase>
      <testcase name="Test Cases/New Test Case (44)" time="41.248" classname="Test Cases/New Test Case (44)" status="PASSED">
         <system-out><![CDATA[29-09-2024T00:34:52 - [TEST_CASE][PASSED] - Test Cases/New Test Case (44): Test Cases/New Test Case (44)

29-09-2024T00:34:52 - [TEST_STEP][PASSED] - openBrowser(""): Browser is opened with url: ''

29-09-2024T00:34:52 - [MESSAGE][INFO] - Starting 'Chrome' driver

29-09-2024T00:34:52 - [MESSAGE][INFO] - Action delay is set to 0 milliseconds

29-09-2024T00:34:52 - [MESSAGE][PASSED] - Browser is opened with url: ''

29-09-2024T00:34:52 - [TEST_STEP][PASSED] - navigateToUrl("https://the-internet.herokuapp.com/"): Navigate to 'https://the-internet.herokuapp.com/' successfully

29-09-2024T00:34:55 - [MESSAGE][PASSED] - Navigate to 'https://the-internet.herokuapp.com/' successfully

29-09-2024T00:34:55 - [TEST_STEP][PASSED] - click(findTestObject("Object Repository/the-internet.herokuapp.com/Page_The Internet/a_Status Codes")): Object: 'Object Repository/the-internet.herokuapp.com/Page_The Internet/a_Status Codes' is clicked on

29-09-2024T00:34:56 - [MESSAGE][PASSED] - Object: 'Object Repository/the-internet.herokuapp.com/Page_The Internet/a_Status Codes' is clicked on

29-09-2024T00:34:56 - [TEST_STEP][PASSED] - click(findTestObject("Object Repository/the-internet.herokuapp.com/Page_The Internet/a_200")): Object: 'Object Repository/the-internet.herokuapp.com/Page_The Internet/a_200' is clicked on

29-09-2024T00:34:57 - [MESSAGE][PASSED] - Object: 'Object Repository/the-internet.herokuapp.com/Page_The Internet/a_200' is clicked on

29-09-2024T00:34:57 - [TEST_STEP][PASSED] - click(findTestObject("Object Repository/the-internet.herokuapp.com/Page_The Internet/a_here")): Object: 'Object Repository/the-internet.herokuapp.com/Page_The Internet/a_here' is clicked on

29-09-2024T00:34:57 - [MESSAGE][PASSED] - Object: 'Object Repository/the-internet.herokuapp.com/Page_The Internet/a_here' is clicked on

29-09-2024T00:34:57 - [TEST_STEP][PASSED] - click(findTestObject("Object Repository/the-internet.herokuapp.com/Page_The Internet/a_500")): Object: 'Object Repository/the-internet.herokuapp.com/Page_The Internet/a_500' is clicked on

29-09-2024T00:34:58 - [MESSAGE][PASSED] - Object: 'Object Repository/the-internet.herokuapp.com/Page_The Internet/a_500' is clicked on

29-09-2024T00:34:58 - [TEST_STEP][PASSED] - click(findTestObject("Object Repository/the-internet.herokuapp.com/Page_The Internet/a_500")): Object: 'Object Repository/the-internet.herokuapp.com/Page_The Internet/a_500' is clicked on

29-09-2024T00:35:29 - [MESSAGE][INFO] - Unable to find the element located by 'By.xpath: //div[@id='content']/div/ul/li[4]/a'. Please recheck the objects properties to make sure the desired element is located. 

29-09-2024T00:35:29 - [MESSAGE][WARNING] - [SELF-HEALING] Failed to find element with id 'Object Repository/the-internet.herokuapp.com/Page_The Internet/a_500'. Try using Self-healing.

29-09-2024T00:35:29 - [MESSAGE][WARNING] - [SELF-HEALING] The current locator of test object 'Object Repository/the-internet.herokuapp.com/Page_The Internet/a_500' was broken. Propose an alternative one: '(.//*[normalize-space(text()) and normalize-space(.)='Elemental Selenium'])[1]/preceding::a[1]'.

29-09-2024T00:35:29 - [MESSAGE][PASSED] - Object: 'Object Repository/the-internet.herokuapp.com/Page_The Internet/a_500' is clicked on

29-09-2024T00:35:29 - [TEST_STEP][PASSED] - click(findTestObject("Object Repository/the-internet.herokuapp.com/Page_The Internet/a_here")): Object: 'Object Repository/the-internet.herokuapp.com/Page_The Internet/a_here' is clicked on

29-09-2024T00:35:33 - [MESSAGE][PASSED] - Object: 'Object Repository/the-internet.herokuapp.com/Page_The Internet/a_here' is clicked on

29-09-2024T00:35:33 - [TEST_STEP][PASSED] - closeBrowser(): Browser is closed

29-09-2024T00:35:33 - [MESSAGE][PASSED] - Browser is closed]]></system-out>
         <system-err><![CDATA[]]></system-err>
      </testcase>
      <testcase name="Test Cases/New Test Case (45)" time="4.989" classname="Test Cases/New Test Case (45)" status="PASSED">
         <system-out><![CDATA[29-09-2024T00:35:33 - [TEST_CASE][PASSED] - Test Cases/New Test Case (45): Test Cases/New Test Case (45)

29-09-2024T00:35:33 - [TEST_STEP][PASSED] - openBrowser(""): Browser is opened with url: ''

29-09-2024T00:35:33 - [MESSAGE][INFO] - Starting 'Chrome' driver

29-09-2024T00:35:33 - [MESSAGE][INFO] - Action delay is set to 0 milliseconds

29-09-2024T00:35:34 - [MESSAGE][PASSED] - Browser is opened with url: ''

29-09-2024T00:35:34 - [TEST_STEP][PASSED] - navigateToUrl("https://the-internet.herokuapp.com/"): Navigate to 'https://the-internet.herokuapp.com/' successfully

29-09-2024T00:35:36 - [MESSAGE][PASSED] - Navigate to 'https://the-internet.herokuapp.com/' successfully

29-09-2024T00:35:37 - [TEST_STEP][PASSED] - click(findTestObject("Object Repository/the-internet.herokuapp.com/Page_The Internet/a_Typos")): Object: 'Object Repository/the-internet.herokuapp.com/Page_The Internet/a_Typos' is clicked on

29-09-2024T00:35:37 - [MESSAGE][PASSED] - Object: 'Object Repository/the-internet.herokuapp.com/Page_The Internet/a_Typos' is clicked on

29-09-2024T00:35:37 - [TEST_STEP][PASSED] - click(findTestObject("Object Repository/the-internet.herokuapp.com/Page_The Internet/p_This example demonstrates a typo being in_12c62c")): Object: 'Object Repository/the-internet.herokuapp.com/Page_The Internet/p_This example demonstrates a typo being in_12c62c' is clicked on

29-09-2024T00:35:38 - [MESSAGE][PASSED] - Object: 'Object Repository/the-internet.herokuapp.com/Page_The Internet/p_This example demonstrates a typo being in_12c62c' is clicked on

29-09-2024T00:35:38 - [TEST_STEP][PASSED] - click(findTestObject("Object Repository/the-internet.herokuapp.com/Page_The Internet/p_Sometimes youll see a typo, other times y_dcf127")): Object: 'Object Repository/the-internet.herokuapp.com/Page_The Internet/p_Sometimes youll see a typo, other times y_dcf127' is clicked on

29-09-2024T00:35:38 - [MESSAGE][PASSED] - Object: 'Object Repository/the-internet.herokuapp.com/Page_The Internet/p_Sometimes youll see a typo, other times y_dcf127' is clicked on

29-09-2024T00:35:38 - [TEST_STEP][PASSED] - closeBrowser(): Browser is closed

29-09-2024T00:35:38 - [MESSAGE][PASSED] - Browser is closed]]></system-out>
         <system-err><![CDATA[]]></system-err>
      </testcase>
      <testcase name="Test Cases/New Test Case (46)" time="14.638" classname="Test Cases/New Test Case (46)" status="PASSED">
         <system-out><![CDATA[29-09-2024T00:35:38 - [TEST_CASE][PASSED] - Test Cases/New Test Case (46): Test Cases/New Test Case (46)

29-09-2024T00:35:38 - [TEST_STEP][PASSED] - openBrowser(""): Browser is opened with url: ''

29-09-2024T00:35:38 - [MESSAGE][INFO] - Starting 'Chrome' driver

29-09-2024T00:35:38 - [MESSAGE][INFO] - Action delay is set to 0 milliseconds

29-09-2024T00:35:39 - [MESSAGE][PASSED] - Browser is opened with url: ''

29-09-2024T00:35:39 - [TEST_STEP][PASSED] - navigateToUrl("https://demoqa.com/"): Navigate to 'https://demoqa.com/' successfully

29-09-2024T00:35:43 - [MESSAGE][PASSED] - Navigate to 'https://demoqa.com/' successfully

29-09-2024T00:35:43 - [TEST_STEP][PASSED] - click(findTestObject("Object Repository/Page_DEMOQA/svg")): Object: 'Object Repository/Page_DEMOQA/svg' is clicked on

29-09-2024T00:35:45 - [MESSAGE][PASSED] - Object: 'Object Repository/Page_DEMOQA/svg' is clicked on

29-09-2024T00:35:45 - [TEST_STEP][PASSED] - click(findTestObject("Object Repository/Page_DEMOQA/li_Text Box")): Object: 'Object Repository/Page_DEMOQA/li_Text Box' is clicked on

29-09-2024T00:35:47 - [MESSAGE][PASSED] - Object: 'Object Repository/Page_DEMOQA/li_Text Box' is clicked on

29-09-2024T00:35:47 - [TEST_STEP][PASSED] - setText(findTestObject("Object Repository/Page_DEMOQA/input_Full Name_userName"), "ram"): Text 'ram' is set on object 'Object Repository/Page_DEMOQA/input_Full Name_userName'

29-09-2024T00:35:48 - [MESSAGE][PASSED] - Text 'ram' is set on object 'Object Repository/Page_DEMOQA/input_Full Name_userName'

29-09-2024T00:35:48 - [TEST_STEP][PASSED] - setText(findTestObject("Object Repository/Page_DEMOQA/input_Email_userEmail"), "ram@gmail.com"): Text 'ram@gmail.com' is set on object 'Object Repository/Page_DEMOQA/input_Email_userEmail'

29-09-2024T00:35:49 - [MESSAGE][PASSED] - Text 'ram@gmail.com' is set on object 'Object Repository/Page_DEMOQA/input_Email_userEmail'

29-09-2024T00:35:49 - [TEST_STEP][PASSED] - setText(findTestObject("Object Repository/Page_DEMOQA/textarea_Current Address_currentAddress"), "United States"): Text 'United States' is set on object 'Object Repository/Page_DEMOQA/textarea_Current Address_currentAddress'

29-09-2024T00:35:49 - [MESSAGE][PASSED] - Text 'United States' is set on object 'Object Repository/Page_DEMOQA/textarea_Current Address_currentAddress'

29-09-2024T00:35:49 - [TEST_STEP][PASSED] - setText(findTestObject("Object Repository/Page_DEMOQA/textarea_Permanent Address_permanentAddress"), "Same as current address"): Text 'Same as current address' is set on object 'Object Repository/Page_DEMOQA/textarea_Permanent Address_permanentAddress'

29-09-2024T00:35:50 - [MESSAGE][PASSED] - Text 'Same as current address' is set on object 'Object Repository/Page_DEMOQA/textarea_Permanent Address_permanentAddress'

29-09-2024T00:35:50 - [TEST_STEP][PASSED] - click(findTestObject("Object Repository/Page_DEMOQA/button_Submit")): Object: 'Object Repository/Page_DEMOQA/button_Submit' is clicked on

29-09-2024T00:35:52 - [MESSAGE][PASSED] - Object: 'Object Repository/Page_DEMOQA/button_Submit' is clicked on

29-09-2024T00:35:52 - [TEST_STEP][PASSED] - closeBrowser(): Browser is closed

29-09-2024T00:35:53 - [MESSAGE][PASSED] - Browser is closed]]></system-out>
         <system-err><![CDATA[]]></system-err>
      </testcase>
      <system-out><![CDATA[29-09-2024T00:34:44 - [TEST_SUITE][PASSED] - New Test Suite (9): Test Cases/New Test Case (46)]]></system-out>
      <system-err><![CDATA[]]></system-err>
   </testsuite>
</testsuites>
